

============================== 2023-02-21 06:40:55.571419 | 06f2af0b-9c7a-4b05-a52b-cfbd94ee45b2 ==============================
[0m06:40:55.571419 [info ] [MainThread]: Running with dbt=1.4.1
[0m06:40:55.572871 [debug] [MainThread]: running dbt with arguments {'write_json': True, 'use_colors': True, 'printer_width': 80, 'version_check': True, 'partial_parse': True, 'static_parser': True, 'profiles_dir': '/Users/baluramachandra/.dbt', 'send_anonymous_usage_stats': True, 'quiet': False, 'no_print': False, 'cache_selected_only': False, 'skip_profile_setup': False, 'which': 'init', 'indirect_selection': 'eager'}
[0m06:40:55.573171 [debug] [MainThread]: Tracking: tracking
[0m06:40:55.582418 [debug] [MainThread]: Sending event: {'category': 'dbt', 'action': 'invocation', 'label': 'start', 'context': [<snowplow_tracker.self_describing_json.SelfDescribingJson object at 0x1023e7fd0>, <snowplow_tracker.self_describing_json.SelfDescribingJson object at 0x1058689d0>, <snowplow_tracker.self_describing_json.SelfDescribingJson object at 0x1057e9b20>]}
[0m06:41:09.607932 [debug] [MainThread]: Starter project path: /Users/baluramachandra/my_project/my_dbt_project/dbt_ecommerce/my_dbt_env/lib/python3.8/site-packages/dbt/include/starter_project
[0m06:41:11.687224 [info ] [MainThread]: 
Your new dbt project "dbt_brazilian_ecommerce" was created!

For more information on how to configure the profiles.yml file,
please consult the dbt documentation here:

  https://docs.getdbt.com/docs/configure-your-profile

One more thing:

Need help? Don't hesitate to reach out to us via GitHub issues or on Slack:

  https://community.getdbt.com/

Happy modeling!

[0m06:41:11.687881 [debug] [MainThread]: Sending event: {'category': 'dbt', 'action': 'invocation', 'label': 'end', 'context': [<snowplow_tracker.self_describing_json.SelfDescribingJson object at 0x1057e9b20>, <snowplow_tracker.self_describing_json.SelfDescribingJson object at 0x1058770a0>, <snowplow_tracker.self_describing_json.SelfDescribingJson object at 0x1058b2790>]}
[0m06:41:11.688315 [debug] [MainThread]: Flushing usage events
[0m06:41:17.828843 [debug] [MainThread]: Error sending anonymous usage statistics. Disabling tracking for this execution. If you wish to permanently disable tracking, see: https://docs.getdbt.com/reference/global-configs#send-anonymous-usage-stats.


============================== 2023-02-21 07:43:51.795256 | f96807c6-6362-463c-ab01-288a3aed14c6 ==============================
[0m07:43:51.795256 [info ] [MainThread]: Running with dbt=1.4.1
[0m07:43:51.797432 [debug] [MainThread]: running dbt with arguments {'write_json': True, 'use_colors': True, 'printer_width': 80, 'version_check': True, 'partial_parse': True, 'static_parser': True, 'profiles_dir': '/Users/baluramachandra/.dbt', 'send_anonymous_usage_stats': True, 'quiet': False, 'no_print': False, 'cache_selected_only': False, 'config_dir': False, 'which': 'debug', 'indirect_selection': 'eager'}
[0m07:43:51.797828 [debug] [MainThread]: Tracking: tracking
[0m07:43:51.818133 [debug] [MainThread]: Sending event: {'category': 'dbt', 'action': 'invocation', 'label': 'start', 'context': [<snowplow_tracker.self_describing_json.SelfDescribingJson object at 0x107e57520>, <snowplow_tracker.self_describing_json.SelfDescribingJson object at 0x10b2efeb0>, <snowplow_tracker.self_describing_json.SelfDescribingJson object at 0x10b2ad7c0>]}
[0m07:43:52.547195 [info ] [MainThread]: Error importing adapter: No module named 'dbt.adapters.bigquery'
[0m07:43:52.552915 [info ] [MainThread]: Error importing adapter: No module named 'dbt.adapters.bigquery'
[0m07:43:52.560235 [info ] [MainThread]: Error importing adapter: No module named 'dbt.adapters.bigquery'
[0m07:43:52.566620 [info ] [MainThread]: Error importing adapter: No module named 'dbt.adapters.bigquery'
[0m07:43:52.626201 [debug] [MainThread]: Executing "git --help"
[0m07:43:52.658266 [debug] [MainThread]: STDOUT: "b"usage: git [-v | --version] [-h | --help] [-C <path>] [-c <name>=<value>]\n           [--exec-path[=<path>]] [--html-path] [--man-path] [--info-path]\n           [-p | --paginate | -P | --no-pager] [--no-replace-objects] [--bare]\n           [--git-dir=<path>] [--work-tree=<path>] [--namespace=<name>]\n           [--super-prefix=<path>] [--config-env=<name>=<envvar>]\n           <command> [<args>]\n\nThese are common Git commands used in various situations:\n\nstart a working area (see also: git help tutorial)\n   clone     Clone a repository into a new directory\n   init      Create an empty Git repository or reinitialize an existing one\n\nwork on the current change (see also: git help everyday)\n   add       Add file contents to the index\n   mv        Move or rename a file, a directory, or a symlink\n   restore   Restore working tree files\n   rm        Remove files from the working tree and from the index\n\nexamine the history and state (see also: git help revisions)\n   bisect    Use binary search to find the commit that introduced a bug\n   diff      Show changes between commits, commit and working tree, etc\n   grep      Print lines matching a pattern\n   log       Show commit logs\n   show      Show various types of objects\n   status    Show the working tree status\n\ngrow, mark and tweak your common history\n   branch    List, create, or delete branches\n   commit    Record changes to the repository\n   merge     Join two or more development histories together\n   rebase    Reapply commits on top of another base tip\n   reset     Reset current HEAD to the specified state\n   switch    Switch branches\n   tag       Create, list, delete or verify a tag object signed with GPG\n\ncollaborate (see also: git help workflows)\n   fetch     Download objects and refs from another repository\n   pull      Fetch from and integrate with another repository or a local branch\n   push      Update remote refs along with associated objects\n\n'git help -a' and 'git help -g' list available subcommands and some\nconcept guides. See 'git help <command>' or 'git help <concept>'\nto read about a specific subcommand or concept.\nSee 'git help git' for an overview of the system.\n""
[0m07:43:52.659410 [debug] [MainThread]: STDERR: "b''"
[0m07:43:52.660725 [debug] [MainThread]: Sending event: {'category': 'dbt', 'action': 'invocation', 'label': 'end', 'context': [<snowplow_tracker.self_describing_json.SelfDescribingJson object at 0x107e57520>, <snowplow_tracker.self_describing_json.SelfDescribingJson object at 0x10b2add00>, <snowplow_tracker.self_describing_json.SelfDescribingJson object at 0x110374910>]}
[0m07:43:52.661626 [debug] [MainThread]: Flushing usage events
